{"message":"API server failed to start","context":{"error":"stream_socket_client(): Unable to connect to tcp://rabbitmq:5672 (Connection refused)"},"level":400,"level_name":"ERROR","channel":"php-api-bootstrap","datetime":"2025-09-29T19:09:24.114065+00:00","extra":{"host":"36d773ec566e","memory_usage":"2 MB","process_id":1,"uid":"71e3ea7"}}
{"message":"API server initialized","context":{},"level":200,"level_name":"INFO","channel":"php-api","datetime":"2025-09-29T19:11:15.174645+00:00","extra":{"host":"36d773ec566e","memory_usage":"2 MB","process_id":1,"uid":"b8cc907"}}
{"message":"API request received","context":{"method":"POST","path":"/users"},"level":200,"level_name":"INFO","channel":"php-api","datetime":"2025-09-29T19:11:15.234470+00:00","extra":{"host":"36d773ec566e","memory_usage":"2 MB","process_id":1,"uid":"b8cc907"}}
{"message":"User creation request sent to queue","context":{"message_id":1,"user_name":"John Doe"},"level":200,"level_name":"INFO","channel":"php-api","datetime":"2025-09-29T19:11:15.727299+00:00","extra":{"host":"36d773ec566e","memory_usage":"2 MB","process_id":1,"uid":"b8cc907"}}
{"message":"API server initialized","context":{},"level":200,"level_name":"INFO","channel":"php-api","datetime":"2025-09-29T19:11:29.011185+00:00","extra":{"host":"36d773ec566e","memory_usage":"2 MB","process_id":1,"uid":"d3ea4bd"}}
{"message":"API request received","context":{"method":"POST","path":"/users"},"level":200,"level_name":"INFO","channel":"php-api","datetime":"2025-09-29T19:11:29.013848+00:00","extra":{"host":"36d773ec566e","memory_usage":"2 MB","process_id":1,"uid":"d3ea4bd"}}
{"message":"User creation request sent to queue","context":{"message_id":2,"user_name":"John Doe"},"level":200,"level_name":"INFO","channel":"php-api","datetime":"2025-09-29T19:11:29.026941+00:00","extra":{"host":"36d773ec566e","memory_usage":"2 MB","process_id":1,"uid":"d3ea4bd"}}
{"message":"API server initialized","context":{},"level":200,"level_name":"INFO","channel":"php-api","datetime":"2025-09-29T19:11:36.222936+00:00","extra":{"host":"36d773ec566e","memory_usage":"2 MB","process_id":1,"uid":"45a5061"}}
{"message":"API request received","context":{"method":"POST","path":"/users"},"level":200,"level_name":"INFO","channel":"php-api","datetime":"2025-09-29T19:11:36.224965+00:00","extra":{"host":"36d773ec566e","memory_usage":"2 MB","process_id":1,"uid":"45a5061"}}
{"message":"User creation request sent to queue","context":{"message_id":3,"user_name":"John Doe"},"level":200,"level_name":"INFO","channel":"php-api","datetime":"2025-09-29T19:11:36.230211+00:00","extra":{"host":"36d773ec566e","memory_usage":"2 MB","process_id":1,"uid":"45a5061"}}
{"message":"API server initialized","context":{},"level":200,"level_name":"INFO","channel":"php-api","datetime":"2025-09-29T19:13:06.902923+00:00","extra":{"host":"36d773ec566e","memory_usage":"2 MB","process_id":1,"uid":"80d6e0e"}}
{"message":"API request received","context":{"method":"POST","path":"/users"},"level":200,"level_name":"INFO","channel":"php-api","datetime":"2025-09-29T19:13:06.905768+00:00","extra":{"host":"36d773ec566e","memory_usage":"2 MB","process_id":1,"uid":"80d6e0e"}}
{"message":"User creation request sent to queue","context":{"message_id":4,"user_name":"John Doe"},"level":200,"level_name":"INFO","channel":"php-api","datetime":"2025-09-29T19:13:06.924462+00:00","extra":{"host":"36d773ec566e","memory_usage":"2 MB","process_id":1,"uid":"80d6e0e"}}
{"message":"API server initialized","context":{},"level":200,"level_name":"INFO","channel":"php-api","datetime":"2025-09-29T19:13:07.283224+00:00","extra":{"host":"36d773ec566e","memory_usage":"2 MB","process_id":1,"uid":"c4d5e0a"}}
{"message":"API request received","context":{"method":"POST","path":"/users"},"level":200,"level_name":"INFO","channel":"php-api","datetime":"2025-09-29T19:13:07.285935+00:00","extra":{"host":"36d773ec566e","memory_usage":"2 MB","process_id":1,"uid":"c4d5e0a"}}
{"message":"API server initialized","context":{},"level":200,"level_name":"INFO","channel":"php-api","datetime":"2025-09-29T19:13:07.420087+00:00","extra":{"host":"36d773ec566e","memory_usage":"2 MB","process_id":1,"uid":"b0b2ea9"}}
{"message":"API request received","context":{"method":"POST","path":"/users"},"level":200,"level_name":"INFO","channel":"php-api","datetime":"2025-09-29T19:13:07.424024+00:00","extra":{"host":"36d773ec566e","memory_usage":"2 MB","process_id":1,"uid":"b0b2ea9"}}
{"message":"API server initialized","context":{},"level":200,"level_name":"INFO","channel":"php-api","datetime":"2025-09-29T19:13:07.768606+00:00","extra":{"host":"36d773ec566e","memory_usage":"2 MB","process_id":1,"uid":"bc0359f"}}
{"message":"API request received","context":{"method":"POST","path":"/users"},"level":200,"level_name":"INFO","channel":"php-api","datetime":"2025-09-29T19:13:07.773790+00:00","extra":{"host":"36d773ec566e","memory_usage":"2 MB","process_id":1,"uid":"bc0359f"}}
{"message":"API server initialized","context":{},"level":200,"level_name":"INFO","channel":"php-api","datetime":"2025-09-29T19:13:07.888273+00:00","extra":{"host":"36d773ec566e","memory_usage":"2 MB","process_id":1,"uid":"f30c2f9"}}
{"message":"API request received","context":{"method":"POST","path":"/users"},"level":200,"level_name":"INFO","channel":"php-api","datetime":"2025-09-29T19:13:07.891479+00:00","extra":{"host":"36d773ec566e","memory_usage":"2 MB","process_id":1,"uid":"f30c2f9"}}
{"message":"API server initialized","context":{},"level":200,"level_name":"INFO","channel":"php-api","datetime":"2025-09-29T19:13:41.254377+00:00","extra":{"host":"36d773ec566e","memory_usage":"2 MB","process_id":1,"uid":"d5fcc78"}}
{"message":"API request received","context":{"method":"POST","path":"/users"},"level":200,"level_name":"INFO","channel":"php-api","datetime":"2025-09-29T19:13:41.261758+00:00","extra":{"host":"36d773ec566e","memory_usage":"2 MB","process_id":1,"uid":"d5fcc78"}}
{"message":"User creation request sent to queue","context":{"message_id":5,"user_name":"John Doe"},"level":200,"level_name":"INFO","channel":"php-api","datetime":"2025-09-29T19:13:41.265514+00:00","extra":{"host":"36d773ec566e","memory_usage":"2 MB","process_id":1,"uid":"d5fcc78"}}
{"message":"API server initialized","context":{},"level":200,"level_name":"INFO","channel":"php-api","datetime":"2025-09-29T19:13:41.579415+00:00","extra":{"host":"36d773ec566e","memory_usage":"2 MB","process_id":1,"uid":"d0e6088"}}
{"message":"API request received","context":{"method":"POST","path":"/users"},"level":200,"level_name":"INFO","channel":"php-api","datetime":"2025-09-29T19:13:41.581604+00:00","extra":{"host":"36d773ec566e","memory_usage":"2 MB","process_id":1,"uid":"d0e6088"}}
{"message":"API server initialized","context":{},"level":200,"level_name":"INFO","channel":"php-api","datetime":"2025-09-29T19:13:41.697662+00:00","extra":{"host":"36d773ec566e","memory_usage":"2 MB","process_id":1,"uid":"076f351"}}
{"message":"API request received","context":{"method":"POST","path":"/users"},"level":200,"level_name":"INFO","channel":"php-api","datetime":"2025-09-29T19:13:41.700081+00:00","extra":{"host":"36d773ec566e","memory_usage":"2 MB","process_id":1,"uid":"076f351"}}
{"message":"API server initialized","context":{},"level":200,"level_name":"INFO","channel":"php-api","datetime":"2025-09-29T19:13:41.858931+00:00","extra":{"host":"36d773ec566e","memory_usage":"2 MB","process_id":1,"uid":"5e1e5ce"}}
{"message":"API request received","context":{"method":"POST","path":"/users"},"level":200,"level_name":"INFO","channel":"php-api","datetime":"2025-09-29T19:13:41.861753+00:00","extra":{"host":"36d773ec566e","memory_usage":"2 MB","process_id":1,"uid":"5e1e5ce"}}
{"message":"API server initialized","context":{},"level":200,"level_name":"INFO","channel":"php-api","datetime":"2025-09-29T19:13:41.921524+00:00","extra":{"host":"36d773ec566e","memory_usage":"2 MB","process_id":1,"uid":"3d073a0"}}
{"message":"API request received","context":{"method":"POST","path":"/users"},"level":200,"level_name":"INFO","channel":"php-api","datetime":"2025-09-29T19:13:41.927296+00:00","extra":{"host":"36d773ec566e","memory_usage":"2 MB","process_id":1,"uid":"3d073a0"}}
{"message":"API server initialized","context":{},"level":200,"level_name":"INFO","channel":"php-api","datetime":"2025-09-29T19:14:44.652951+00:00","extra":{"host":"36d773ec566e","memory_usage":"2 MB","process_id":1,"uid":"3538ef1"}}
{"message":"API request received","context":{"method":"GET","path":"/health"},"level":200,"level_name":"INFO","channel":"php-api","datetime":"2025-09-29T19:14:44.654430+00:00","extra":{"host":"36d773ec566e","memory_usage":"2 MB","process_id":1,"uid":"3538ef1"}}
{"message":"API server initialized","context":{},"level":200,"level_name":"INFO","channel":"php-api","datetime":"2025-09-29T19:14:56.427310+00:00","extra":{"host":"36d773ec566e","memory_usage":"2 MB","process_id":1,"uid":"8282290"}}
{"message":"API request received","context":{"method":"GET","path":"/health"},"level":200,"level_name":"INFO","channel":"php-api","datetime":"2025-09-29T19:14:56.429048+00:00","extra":{"host":"36d773ec566e","memory_usage":"2 MB","process_id":1,"uid":"8282290"}}
{"message":"API server initialized","context":{},"level":200,"level_name":"INFO","channel":"php-api","datetime":"2025-09-29T19:14:56.550241+00:00","extra":{"host":"36d773ec566e","memory_usage":"2 MB","process_id":1,"uid":"a86185c"}}
{"message":"API request received","context":{"method":"GET","path":"/favicon.ico"},"level":200,"level_name":"INFO","channel":"php-api","datetime":"2025-09-29T19:14:56.552020+00:00","extra":{"host":"36d773ec566e","memory_usage":"2 MB","process_id":1,"uid":"a86185c"}}
{"message":"Console producer initialized","context":{},"level":200,"level_name":"INFO","channel":"php-console","datetime":"2025-09-29T19:20:12.110413+00:00","extra":{"host":"490d3c6b2218","memory_usage":"4 MB","process_id":1,"uid":"d8ff892"}}
{"message":"Console producer started","context":{},"level":200,"level_name":"INFO","channel":"php-console","datetime":"2025-09-29T19:20:12.116718+00:00","extra":{"host":"490d3c6b2218","memory_usage":"4 MB","process_id":1,"uid":"d8ff892"}}
{"message":"Message sent to queue","context":{"message_id":6,"message_count":1,"user_input":"{\"card_id\":1234}"},"level":200,"level_name":"INFO","channel":"php-console","datetime":"2025-09-29T19:20:37.530342+00:00","extra":{"host":"490d3c6b2218","memory_usage":"4 MB","process_id":1,"uid":"d8ff892"}}
{"message":"Message sent to queue","context":{"message_id":7,"message_count":2,"user_input":"{\"message_id\":3232}"},"level":200,"level_name":"INFO","channel":"php-console","datetime":"2025-09-29T19:21:03.196554+00:00","extra":{"host":"490d3c6b2218","memory_usage":"4 MB","process_id":1,"uid":"d8ff892"}}
{"message":"Message sent to queue","context":{"message_id":8,"message_count":3,"user_input":"\"Мы видим что данные добавляются\""},"level":200,"level_name":"INFO","channel":"php-console","datetime":"2025-09-29T19:24:10.406174+00:00","extra":{"host":"490d3c6b2218","memory_usage":"4 MB","process_id":1,"uid":"d8ff892"}}
{"message":"Console producer failed to start","context":{"error":"SQLSTATE[22P02]: Invalid text representation: 7 ERROR:  invalid input syntax for type json\nDETAIL:  The input string ended unexpectedly.\nCONTEXT:  JSON data, line 1: \nunnamed portal parameter $2 = ''"},"level":400,"level_name":"ERROR","channel":"php-console-bootstrap","datetime":"2025-09-29T19:24:20.998330+00:00","extra":{"host":"490d3c6b2218","memory_usage":"4 MB","process_id":1,"uid":"8e0006d"}}
{"message":"API server initialized","context":{},"level":200,"level_name":"INFO","channel":"php-api","datetime":"2025-09-29T19:25:53.207957+00:00","extra":{"host":"36d773ec566e","memory_usage":"2 MB","process_id":1,"uid":"4bd69f2"}}
{"message":"API request received","context":{"method":"GET","path":"/"},"level":200,"level_name":"INFO","channel":"php-api","datetime":"2025-09-29T19:25:53.214140+00:00","extra":{"host":"36d773ec566e","memory_usage":"2 MB","process_id":1,"uid":"4bd69f2"}}
{"message":"API server initialized","context":{},"level":200,"level_name":"INFO","channel":"php-api","datetime":"2025-09-29T19:25:57.926655+00:00","extra":{"host":"36d773ec566e","memory_usage":"2 MB","process_id":1,"uid":"00e2bd0"}}
{"message":"API request received","context":{"method":"GET","path":"/"},"level":200,"level_name":"INFO","channel":"php-api","datetime":"2025-09-29T19:25:57.928316+00:00","extra":{"host":"36d773ec566e","memory_usage":"2 MB","process_id":1,"uid":"00e2bd0"}}
{"message":"API server initialized","context":{},"level":200,"level_name":"INFO","channel":"php-api","datetime":"2025-09-29T19:26:02.404397+00:00","extra":{"host":"36d773ec566e","memory_usage":"2 MB","process_id":1,"uid":"07c66e2"}}
{"message":"API request received","context":{"method":"GET","path":"/health"},"level":200,"level_name":"INFO","channel":"php-api","datetime":"2025-09-29T19:26:02.405838+00:00","extra":{"host":"36d773ec566e","memory_usage":"2 MB","process_id":1,"uid":"07c66e2"}}
{"message":"Console producer initialized","context":{},"level":200,"level_name":"INFO","channel":"php-console","datetime":"2025-09-29T19:26:54.533810+00:00","extra":{"host":"196f4f8c75a5","memory_usage":"4 MB","process_id":1,"uid":"d5f1f91"}}
{"message":"Console producer started","context":{},"level":200,"level_name":"INFO","channel":"php-console","datetime":"2025-09-29T19:26:54.540077+00:00","extra":{"host":"196f4f8c75a5","memory_usage":"4 MB","process_id":1,"uid":"d5f1f91"}}
{"message":"Message sent to queue","context":{"message_id":9,"message_count":1,"user_input":"{\"card_id\":\"89\"}"},"level":200,"level_name":"INFO","channel":"php-console","datetime":"2025-09-29T19:27:14.438913+00:00","extra":{"host":"196f4f8c75a5","memory_usage":"4 MB","process_id":1,"uid":"d5f1f91"}}
{"message":"Console producer stopped","context":{"total_messages_sent":1},"level":200,"level_name":"INFO","channel":"php-console","datetime":"2025-09-29T19:28:32.514939+00:00","extra":{"host":"196f4f8c75a5","memory_usage":"4 MB","process_id":1,"uid":"d5f1f91"}}
{"message":"Console producer initialized","context":{},"level":200,"level_name":"INFO","channel":"php-console","datetime":"2025-09-29T19:33:18.734691+00:00","extra":{"host":"219a34ffaa8f","memory_usage":"4 MB","process_id":1,"uid":"e5422cc"}}
{"message":"Console producer started","context":{},"level":200,"level_name":"INFO","channel":"php-console","datetime":"2025-09-29T19:33:18.766364+00:00","extra":{"host":"219a34ffaa8f","memory_usage":"4 MB","process_id":1,"uid":"e5422cc"}}
{"message":"API server initialized","context":{},"level":200,"level_name":"INFO","channel":"php-api","datetime":"2025-09-29T19:34:23.653118+00:00","extra":{"host":"1d61fd648733","memory_usage":"2 MB","process_id":1,"uid":"af2c868"}}
{"message":"API request received","context":{"method":"GET","path":"/health"},"level":200,"level_name":"INFO","channel":"php-api","datetime":"2025-09-29T19:34:23.679746+00:00","extra":{"host":"1d61fd648733","memory_usage":"2 MB","process_id":1,"uid":"af2c868"}}
{"message":"Console producer failed to start","context":{"error":"stream_socket_client(): Unable to connect to tcp://rabbitmq:5672 (Connection refused)"},"level":400,"level_name":"ERROR","channel":"php-console-bootstrap","datetime":"2025-09-29T19:36:17.019793+00:00","extra":{"host":"28e0fff42933","memory_usage":"2 MB","process_id":1,"uid":"4f110b3"}}
{"message":"API server initialized","context":{},"level":200,"level_name":"INFO","channel":"php-api","datetime":"2025-09-29T19:42:03.974788+00:00","extra":{"host":"9823f5293014","memory_usage":"2 MB","process_id":1,"uid":"34d1caf"}}
{"message":"API request received","context":{"method":"POST","path":"/users"},"level":200,"level_name":"INFO","channel":"php-api","datetime":"2025-09-29T19:42:03.985930+00:00","extra":{"host":"9823f5293014","memory_usage":"2 MB","process_id":1,"uid":"34d1caf"}}
{"message":"User creation request sent to queue","context":{"message_id":10,"user_name":"John Doe"},"level":200,"level_name":"INFO","channel":"php-api","datetime":"2025-09-29T19:42:03.999097+00:00","extra":{"host":"9823f5293014","memory_usage":"2 MB","process_id":1,"uid":"34d1caf"}}
{"message":"API server initialized","context":{},"level":200,"level_name":"INFO","channel":"php-api","datetime":"2025-09-29T19:42:04.295954+00:00","extra":{"host":"9823f5293014","memory_usage":"2 MB","process_id":1,"uid":"2f5d780"}}
{"message":"API request received","context":{"method":"POST","path":"/users"},"level":200,"level_name":"INFO","channel":"php-api","datetime":"2025-09-29T19:42:04.298655+00:00","extra":{"host":"9823f5293014","memory_usage":"2 MB","process_id":1,"uid":"2f5d780"}}
{"message":"API server initialized","context":{},"level":200,"level_name":"INFO","channel":"php-api","datetime":"2025-09-29T19:42:04.379762+00:00","extra":{"host":"9823f5293014","memory_usage":"2 MB","process_id":1,"uid":"54e3e29"}}
{"message":"API request received","context":{"method":"POST","path":"/users"},"level":200,"level_name":"INFO","channel":"php-api","datetime":"2025-09-29T19:42:04.382224+00:00","extra":{"host":"9823f5293014","memory_usage":"2 MB","process_id":1,"uid":"54e3e29"}}
{"message":"API server initialized","context":{},"level":200,"level_name":"INFO","channel":"php-api","datetime":"2025-09-29T19:42:04.480797+00:00","extra":{"host":"9823f5293014","memory_usage":"2 MB","process_id":1,"uid":"74f97e4"}}
{"message":"API request received","context":{"method":"POST","path":"/users"},"level":200,"level_name":"INFO","channel":"php-api","datetime":"2025-09-29T19:42:04.482661+00:00","extra":{"host":"9823f5293014","memory_usage":"2 MB","process_id":1,"uid":"74f97e4"}}
{"message":"API server initialized","context":{},"level":200,"level_name":"INFO","channel":"php-api","datetime":"2025-09-29T19:42:04.640427+00:00","extra":{"host":"9823f5293014","memory_usage":"2 MB","process_id":1,"uid":"513ae0f"}}
{"message":"API request received","context":{"method":"POST","path":"/users"},"level":200,"level_name":"INFO","channel":"php-api","datetime":"2025-09-29T19:42:04.643215+00:00","extra":{"host":"9823f5293014","memory_usage":"2 MB","process_id":1,"uid":"513ae0f"}}
